T6044 000:010.519   SEGGER J-Link V9.14a Log File
T6044 000:010.723   DLL Compiled: Jan 28 2026 17:11:52
T6044 000:010.733   Logging started @ 2026-05-30 14:57
T6044 000:010.743   Process: C:\Users\LWX\.eclipse\com.renesas.platform_1013479593\DebugComp\RA\e2-server-gdb.exe
T6044 000:010.760 - 10.753ms 
T6044 000:010.783 JLINK_GetDLLVersion()
T6044 000:010.792 - 0.010ms returns 91401
T6044 000:013.992 JLINK_OpenEx(...)
T6044 000:021.414   Firmware: J-Link OB-RA4M2 compiled Dec 10 2025 15:52:53
T6044 000:021.911   Firmware: J-Link OB-RA4M2 compiled Dec 10 2025 15:52:53
T6044 000:033.730   Hardware: V1.00
T6044 000:033.756   S/N: 1080032619
T6044 000:033.769   OEM: SEGGER
T6044 000:033.786   Feature(s): None
T6044 000:034.549   Bootloader: 2021 May 14
T6044 000:034.941   USB speed mode: Full speed (12 MBit/s)
T6044 000:035.349   TELNET listener socket opened on port 19021
T6044 000:035.570   WEBSRV WEBSRV_Init(): Starting webserver thread(s)
T6044 000:035.893   WEBSRV Webserver running on local port 19080
T6044 000:036.070   Looking for J-Link GUI Server exe at: C:\Users\LWX\.eclipse\com.renesas.platform_1013479593\DebugComp\RA\ARM\Segger_v9.14.1\JLinkGUIServer.exe
T6044 000:036.284   Looking for J-Link GUI Server exe at: E:\Renesas\segger\JLink_V912\\JLinkGUIServer.exe
T6044 000:036.361   Forking J-Link GUI Server: E:\Renesas\segger\JLink_V912\\JLinkGUIServer.exe
T6044 000:155.209   J-Link GUI Server info: "J-Link GUI server V9.12 "
T6044 000:162.487 - 148.486ms returns "O.K."
T6044 000:162.614 JLINK_TIF_Select(JLINKARM_TIF_SWD)
T6044 000:163.061 - 0.447ms returns 0x00
T6044 000:163.083 JLINK_ClrRESET()
T6044 000:163.295 - 0.211ms 
T6044 000:213.637 JLINK_SetSpeed(1500)
T6044 000:213.805 - 0.176ms 
T6044 000:213.826 JLINK_CORESIGHT_Configure(PerformTIFInit=0)
T6044 000:214.234 - 0.411ms returns 0
T6044 000:214.258 JLINK_CORESIGHT_ReadAPDPReg(DP reg 0x00)
T6044 000:214.639   Value=0x6BA02477
T6044 000:214.651 - 0.395ms returns 0
T6044 000:214.661 JLINK_CORESIGHT_WriteAPDPReg(DP reg 0x00, 0x0000001F)
T6044 000:214.844 - 0.183ms returns 0
T6044 000:214.854 JLINK_CORESIGHT_ReadAPDPReg(DP reg 0x00)
T6044 000:215.033   Value=0x6BA02477
T6044 000:215.048 - 0.193ms returns 0
T6044 000:215.059 JLINK_CORESIGHT_WriteAPDPReg(DP reg 0x02, 0x00000000)
T6044 000:215.255 - 0.196ms returns 0
T6044 000:215.269 JLINK_CORESIGHT_WriteAPDPReg(DP reg 0x01, 0x50000000)
T6044 000:215.454 - 0.184ms returns 0
T6044 000:215.467 JLINK_CORESIGHT_ReadAPDPReg(DP reg 0x01)
T6044 000:215.684   Value=0xF0000040
T6044 000:215.699 - 0.232ms returns 0
T6044 000:215.711 JLINK_CORESIGHT_WriteAPDPReg(DP reg 0x00, 0x0000001F)
T6044 000:215.911 - 0.200ms returns 0
T6044 000:215.925 JLINK_CORESIGHT_ReadAPDPReg(DP reg 0x00)
T6044 000:216.119   Value=0x6BA02477
T6044 000:216.133 - 0.207ms returns 0
T6044 000:216.144 JLINK_CORESIGHT_WriteAPDPReg(DP reg 0x01, 0x54000000)
T6044 000:216.337 - 0.193ms returns 0
T6044 000:216.346 JLINK_CORESIGHT_WriteAPDPReg(DP reg 0x01, 0x50000F00)
T6044 000:216.543 - 0.196ms returns 0
T6044 000:216.569 JLINK_CORESIGHT_WriteAPDPReg(DP reg 0x02, 0x01000000)
T6044 000:216.773 - 0.204ms returns 0
T6044 000:216.788 JLINK_CORESIGHT_WriteAPDPReg(AP reg 0x00, 0x80000002)
T6044 000:216.978 - 0.190ms returns 0
T6044 000:216.992 JLINK_CORESIGHT_WriteAPDPReg(AP reg 0x01, 0x80011100)
T6044 000:217.234 - 0.242ms returns 0
T6044 000:217.248 JLINK_CORESIGHT_WriteAPDPReg(AP reg 0x03, 0x000000A5)
T6044 000:217.439 - 0.191ms returns 0
T6044 000:217.453 JLINK_CORESIGHT_WriteAPDPReg(AP reg 0x00, 0x80000002)
T6044 000:217.655 - 0.202ms returns 0
T6044 000:217.666 JLINK_CORESIGHT_WriteAPDPReg(AP reg 0x01, 0x80011100)
T6044 000:217.882 - 0.215ms returns 0
T6044 000:217.912 JLINK_CORESIGHT_ReadAPDPReg(AP reg 0x03)
T6044 000:218.241   Value=0x000000A5
T6044 000:218.267 - 0.354ms returns 0
T6044 000:218.284 JLINK_ClrTMS()
T6044 000:218.364 - 0.080ms 
T6044 000:223.715 JLINK_SetTCK()
T6044 000:223.841 - 0.125ms returns 0
T6044 000:228.923 JLINK_SetRESET()
T6044 000:229.045 - 0.121ms 
T6044 000:429.500 JLINK_CORESIGHT_WriteAPDPReg(AP reg 0x00, 0x80000002)
T6044 000:429.810 - 0.309ms returns 0
T6044 000:429.827 JLINK_CORESIGHT_WriteAPDPReg(AP reg 0x01, 0x80011100)
T6044 000:430.039 - 0.212ms returns 0
T6044 000:430.053 JLINK_CORESIGHT_ReadAPDPReg(AP reg 0x03)
T6044 000:430.309   Value=0x00000000
T6044 000:430.325 - 0.272ms returns 0
T6044 000:430.339 JLINK_CORESIGHT_WriteAPDPReg(AP reg 0x00, 0x80000002)
T6044 000:430.553 - 0.214ms returns 0
T6044 000:430.580 JLINK_CORESIGHT_WriteAPDPReg(AP reg 0x01, 0x80011140)
T6044 000:430.794 - 0.214ms returns 0
T6044 000:430.822 JLINK_CORESIGHT_ReadAPDPReg(AP reg 0x03)
T6044 000:431.076   Value=0x00000002
T6044 000:431.094 - 0.271ms returns 0
T6044 000:431.107 JLINK_CORESIGHT_WriteAPDPReg(AP reg 0x00, 0x80000002)
T6044 000:431.367 - 0.260ms returns 0
T6044 000:431.394 JLINK_CORESIGHT_WriteAPDPReg(AP reg 0x01, 0x80011120)
T6044 000:431.603 - 0.217ms returns 0
T6044 000:431.622 JLINK_CORESIGHT_WriteAPDPReg(AP reg 0x03, 0x00000055)
T6044 000:431.825 - 0.203ms returns 0
T6044 000:431.840 JLINK_CORESIGHT_WriteAPDPReg(AP reg 0x00, 0x80000002)
T6044 000:432.021 - 0.181ms returns 0
T6044 000:432.038 JLINK_CORESIGHT_WriteAPDPReg(AP reg 0x01, 0x80011140)
T6044 000:432.236 - 0.199ms returns 0
T6044 000:432.266 JLINK_CORESIGHT_ReadAPDPReg(AP reg 0x03)
T6044 000:432.506   Value=0x00000002
T6044 000:432.515 - 0.250ms returns 0
T6044 000:432.523 JLINK_CORESIGHT_ReadAPDPReg(AP reg 0x03)
T6044 000:432.753   Value=0x00000002
T6044 000:432.767 - 0.244ms returns 0
T6044 000:432.775 JLINK_CORESIGHT_ReadAPDPReg(AP reg 0x03)
T6044 000:433.024   Value=0x00000002
T6044 000:433.054 - 0.278ms returns 0
T6044 000:433.068 JLINK_CORESIGHT_ReadAPDPReg(AP reg 0x03)
T6044 000:433.303   Value=0x00000002
T6044 000:433.313 - 0.245ms returns 0
T6044 000:433.320 JLINK_CORESIGHT_ReadAPDPReg(AP reg 0x03)
T6044 000:433.552   Value=0x00000002
T6044 000:433.561 - 0.241ms returns 0
T6044 000:433.568 JLINK_CORESIGHT_ReadAPDPReg(AP reg 0x03)
T6044 000:433.792   Value=0x00000002
T6044 000:433.800 - 0.232ms returns 0
T6044 000:433.807 JLINK_CORESIGHT_ReadAPDPReg(AP reg 0x03)
T6044 000:434.031   Value=0x00000002
T6044 000:434.040 - 0.233ms returns 0
T6044 000:434.047 JLINK_CORESIGHT_ReadAPDPReg(AP reg 0x03)
T6044 000:434.272   Value=0x00000002
T6044 000:434.283 - 0.235ms returns 0
T6044 000:434.290 JLINK_CORESIGHT_ReadAPDPReg(AP reg 0x03)
T6044 000:434.569   Value=0x00000002
T6044 000:434.578 - 0.288ms returns 0
T6044 000:434.586 JLINK_CORESIGHT_ReadAPDPReg(AP reg 0x03)
T6044 000:434.820   Value=0x00000002
T6044 000:434.831 - 0.245ms returns 0
T6044 000:434.839 JLINK_CORESIGHT_ReadAPDPReg(AP reg 0x03)
T6044 000:435.066   Value=0x00000002
T6044 000:435.075 - 0.236ms returns 0
T6044 000:435.082 JLINK_CORESIGHT_ReadAPDPReg(AP reg 0x03)
T6044 000:435.305   Value=0x00000002
T6044 000:435.323 - 0.241ms returns 0
T6044 000:435.334 JLINK_CORESIGHT_ReadAPDPReg(AP reg 0x03)
T6044 000:435.591   Value=0x00000002
T6044 000:435.607 - 0.273ms returns 0
T6044 000:435.615 JLINK_CORESIGHT_ReadAPDPReg(AP reg 0x03)
T6044 000:435.851   Value=0x00000002
T6044 000:435.867 - 0.251ms returns 0
T6044 000:435.875 JLINK_CORESIGHT_ReadAPDPReg(AP reg 0x03)
T6044 000:436.096   Value=0x00000002
T6044 000:436.105 - 0.229ms returns 0
T6044 000:436.112 JLINK_CORESIGHT_ReadAPDPReg(AP reg 0x03)
T6044 000:436.389   Value=0x00000002
T6044 000:436.404 - 0.292ms returns 0
T6044 000:436.413 JLINK_CORESIGHT_ReadAPDPReg(AP reg 0x03)
T6044 000:436.644   Value=0x00000002
T6044 000:436.661 - 0.248ms returns 0
T6044 000:436.671 JLINK_CORESIGHT_ReadAPDPReg(AP reg 0x03)
T6044 000:436.907   Value=0x00000002
T6044 000:436.918 - 0.246ms returns 0
T6044 000:436.926 JLINK_CORESIGHT_ReadAPDPReg(AP reg 0x03)
T6044 000:437.148   Value=0x00000002
T6044 000:437.157 - 0.231ms returns 0
T6044 000:437.164 JLINK_CORESIGHT_ReadAPDPReg(AP reg 0x03)
T6044 000:437.381   Value=0x00000002
T6044 000:437.391 - 0.226ms returns 0
T6044 000:437.398 JLINK_CORESIGHT_ReadAPDPReg(AP reg 0x03)
T6044 000:437.617   Value=0x00000002
T6044 000:437.639 - 0.240ms returns 0
T6044 000:437.647 JLINK_CORESIGHT_ReadAPDPReg(AP reg 0x03)
T6044 000:437.881   Value=0x00000002
T6044 000:437.890 - 0.243ms returns 0
T6044 000:437.898 JLINK_CORESIGHT_ReadAPDPReg(AP reg 0x03)
T6044 000:438.113   Value=0x00000002
T6044 000:438.128 - 0.230ms returns 0
T6044 000:438.136 JLINK_CORESIGHT_ReadAPDPReg(AP reg 0x03)
T6044 000:438.389   Value=0x00000002
T6044 000:438.410 - 0.274ms returns 0
T6044 000:438.423 JLINK_CORESIGHT_ReadAPDPReg(AP reg 0x03)
T6044 000:438.663   Value=0x00000002
T6044 000:438.687 - 0.264ms returns 0
T6044 000:438.701 JLINK_CORESIGHT_ReadAPDPReg(AP reg 0x03)
T6044 000:438.949   Value=0x00000002
T6044 000:438.964 - 0.263ms returns 0
T6044 000:438.976 JLINK_CORESIGHT_ReadAPDPReg(AP reg 0x03)
T6044 000:439.237   Value=0x00000002
T6044 000:439.253 - 0.277ms returns 0
T6044 000:439.264 JLINK_CORESIGHT_ReadAPDPReg(AP reg 0x03)
T6044 000:439.511   Value=0x00000002
T6044 000:439.520 - 0.255ms returns 0
T6044 000:439.527 JLINK_CORESIGHT_ReadAPDPReg(AP reg 0x03)
T6044 000:439.774   Value=0x00000002
T6044 000:439.786 - 0.258ms returns 0
T6044 000:439.793 JLINK_CORESIGHT_ReadAPDPReg(AP reg 0x03)
T6044 000:440.027   Value=0x00000002
T6044 000:440.039 - 0.245ms returns 0
T6044 000:440.046 JLINK_CORESIGHT_ReadAPDPReg(AP reg 0x03)
T6044 000:440.275   Value=0x00000002
T6044 000:440.288 - 0.241ms returns 0
T6044 000:440.296 JLINK_CORESIGHT_ReadAPDPReg(AP reg 0x03)
T6044 000:440.531   Value=0x00000002
T6044 000:440.544 - 0.247ms returns 0
T6044 000:440.551 JLINK_CORESIGHT_ReadAPDPReg(AP reg 0x03)
T6044 000:440.778   Value=0x00000002
T6044 000:440.790 - 0.238ms returns 0
T6044 000:440.798 JLINK_CORESIGHT_ReadAPDPReg(AP reg 0x03)
T6044 000:441.023   Value=0x00000002
T6044 000:441.039 - 0.240ms returns 0
T6044 000:441.047 JLINK_CORESIGHT_ReadAPDPReg(AP reg 0x03)
T6044 000:441.286   Value=0x00000002
T6044 000:441.298 - 0.250ms returns 0
T6044 000:441.306 JLINK_CORESIGHT_ReadAPDPReg(AP reg 0x03)
T6044 000:441.526   Value=0x00000002
T6044 000:441.537 - 0.230ms returns 0
T6044 000:441.544 JLINK_CORESIGHT_ReadAPDPReg(AP reg 0x03)
T6044 000:441.778   Value=0x00000002
T6044 000:441.788 - 0.243ms returns 0
T6044 000:441.795 JLINK_CORESIGHT_ReadAPDPReg(AP reg 0x03)
T6044 000:442.032   Value=0x00000002
T6044 000:442.055 - 0.260ms returns 0
T6044 000:442.069 JLINK_CORESIGHT_ReadAPDPReg(AP reg 0x03)
T6044 000:442.302   Value=0x00000002
T6044 000:442.312 - 0.244ms returns 0
T6044 000:442.320 JLINK_CORESIGHT_ReadAPDPReg(AP reg 0x03)
T6044 000:442.579   Value=0x00000002
T6044 000:442.588 - 0.268ms returns 0
T6044 000:442.595 JLINK_CORESIGHT_ReadAPDPReg(AP reg 0x03)
T6044 000:442.911   Value=0x00000002
T6044 000:442.926 - 0.331ms returns 0
T6044 000:442.940 JLINK_CORESIGHT_ReadAPDPReg(AP reg 0x03)
T6044 000:443.237   Value=0x00000000
T6044 000:443.250 - 0.310ms returns 0
T6044 000:443.264 JLINK_CORESIGHT_WriteAPDPReg(AP reg 0x00, 0x80000002)
T6044 000:443.460 - 0.196ms returns 0
T6044 000:443.472 JLINK_CORESIGHT_WriteAPDPReg(AP reg 0x01, 0x80011130)
T6044 000:443.652 - 0.179ms returns 0
T6044 000:443.663 JLINK_CORESIGHT_ReadAPDPReg(AP reg 0x03)
T6044 000:443.897   Value=0x000000C6
T6044 000:443.918 - 0.255ms returns 0
T6044 000:444.319 JLINK_CORESIGHT_WriteAPDPReg(AP reg 0x00, 0x80000002)
T6044 000:444.532 - 0.213ms returns 0
T6044 000:444.547 JLINK_CORESIGHT_WriteAPDPReg(AP reg 0x01, 0x80011140)
T6044 000:444.733 - 0.186ms returns 0
T6044 000:444.758 JLINK_CORESIGHT_ReadAPDPReg(AP reg 0x03)
T6044 000:445.008   Value=0x00000002
T6044 000:445.023 - 0.264ms returns 0
T6044 000:445.035 JLINK_CORESIGHT_WriteAPDPReg(AP reg 0x00, 0x80000002)
T6044 000:445.234 - 0.199ms returns 0
T6044 000:445.250 JLINK_CORESIGHT_WriteAPDPReg(AP reg 0x01, 0x80011120)
T6044 000:445.438 - 0.187ms returns 0
T6044 000:445.461 JLINK_CORESIGHT_WriteAPDPReg(AP reg 0x03, 0x3A010001)
T6044 000:445.657 - 0.196ms returns 0
T6044 000:445.671 JLINK_CORESIGHT_WriteAPDPReg(AP reg 0x00, 0x80000002)
T6044 000:445.855 - 0.184ms returns 0
T6044 000:445.868 JLINK_CORESIGHT_WriteAPDPReg(AP reg 0x01, 0x80011140)
T6044 000:446.076 - 0.207ms returns 0
T6044 000:446.090 JLINK_CORESIGHT_ReadAPDPReg(AP reg 0x03)
T6044 000:446.328   Value=0x00000002
T6044 000:446.343 - 0.253ms returns 0
T6044 000:446.355 JLINK_CORESIGHT_WriteAPDPReg(AP reg 0x00, 0x80000002)
T6044 000:446.555 - 0.200ms returns 0
T6044 000:446.568 JLINK_CORESIGHT_WriteAPDPReg(AP reg 0x01, 0x80011120)
T6044 000:446.754 - 0.185ms returns 0
T6044 000:446.762 JLINK_CORESIGHT_WriteAPDPReg(AP reg 0x03, 0x000003C5)
T6044 000:446.943 - 0.181ms returns 0
T6044 000:446.951 JLINK_CORESIGHT_WriteAPDPReg(AP reg 0x00, 0x80000002)
T6044 000:447.132 - 0.180ms returns 0
T6044 000:447.140 JLINK_CORESIGHT_WriteAPDPReg(AP reg 0x01, 0x80011140)
T6044 000:447.342 - 0.202ms returns 0
T6044 000:447.350 JLINK_CORESIGHT_ReadAPDPReg(AP reg 0x03)
T6044 000:447.584   Value=0x00000002
T6044 000:447.604 - 0.253ms returns 0
T6044 000:447.617 JLINK_CORESIGHT_ReadAPDPReg(AP reg 0x03)
T6044 000:447.858   Value=0x00000000
T6044 000:447.874 - 0.256ms returns 0
T6044 000:447.886 JLINK_CORESIGHT_WriteAPDPReg(AP reg 0x00, 0x80000002)
T6044 000:448.123 - 0.237ms returns 0
T6044 000:448.165 JLINK_CORESIGHT_WriteAPDPReg(AP reg 0x01, 0x80011130)
T6044 000:448.367 - 0.201ms returns 0
T6044 000:448.384 JLINK_CORESIGHT_ReadAPDPReg(AP reg 0x03)
T6044 000:448.615   Value=0x3A2A0081
T6044 000:448.630 - 0.246ms returns 0
T6044 000:448.643 JLINK_CORESIGHT_WriteAPDPReg(AP reg 0x00, 0x80000002)
T6044 000:448.849 - 0.206ms returns 0
T6044 000:448.865 JLINK_CORESIGHT_WriteAPDPReg(AP reg 0x01, 0x80011140)
T6044 000:449.077 - 0.212ms returns 0
T6044 000:449.096 JLINK_CORESIGHT_ReadAPDPReg(AP reg 0x03)
T6044 000:449.400   Value=0x00000000
T6044 000:449.414 - 0.318ms returns 0
T6044 000:449.427 JLINK_CORESIGHT_WriteAPDPReg(AP reg 0x00, 0x80000002)
T6044 000:449.630 - 0.203ms returns 0
T6044 000:449.644 JLINK_CORESIGHT_WriteAPDPReg(AP reg 0x01, 0x80011130)
T6044 000:449.832 - 0.188ms returns 0
T6044 000:449.849 JLINK_CORESIGHT_ReadAPDPReg(AP reg 0x03)
T6044 000:450.079   Value=0x808D5B00
T6044 000:450.094 - 0.245ms returns 0
T6044 000:450.106 JLINK_CORESIGHT_WriteAPDPReg(AP reg 0x00, 0x80000002)
T6044 000:450.355 - 0.249ms returns 0
T6044 000:450.367 JLINK_CORESIGHT_WriteAPDPReg(AP reg 0x01, 0x80011140)
T6044 000:450.565 - 0.197ms returns 0
T6044 000:450.591 JLINK_CORESIGHT_ReadAPDPReg(AP reg 0x03)
T6044 000:450.834   Value=0x00000000
T6044 000:450.844 - 0.253ms returns 0
T6044 000:450.852 JLINK_CORESIGHT_WriteAPDPReg(AP reg 0x00, 0x80000002)
T6044 000:451.240 - 0.388ms returns 0
T6044 000:451.251 JLINK_CORESIGHT_WriteAPDPReg(AP reg 0x01, 0x80011130)
T6044 000:451.453 - 0.201ms returns 0
T6044 000:451.470 JLINK_CORESIGHT_ReadAPDPReg(AP reg 0x03)
T6044 000:451.718   Value=0x0406070A
T6044 000:451.731 - 0.261ms returns 0
T6044 000:451.739 JLINK_CORESIGHT_WriteAPDPReg(AP reg 0x00, 0x80000002)
T6044 000:451.920 - 0.180ms returns 0
T6044 000:451.929 JLINK_CORESIGHT_WriteAPDPReg(AP reg 0x01, 0x80011140)
T6044 000:452.111 - 0.183ms returns 0
T6044 000:452.120 JLINK_CORESIGHT_ReadAPDPReg(AP reg 0x03)
T6044 000:452.394   Value=0x00000000
T6044 000:452.403 - 0.283ms returns 0
T6044 000:452.411 JLINK_CORESIGHT_WriteAPDPReg(AP reg 0x00, 0x80000002)
T6044 000:452.599 - 0.187ms returns 0
T6044 000:452.647 JLINK_CORESIGHT_WriteAPDPReg(AP reg 0x01, 0x80011130)
T6044 000:452.845 - 0.198ms returns 0
T6044 000:452.855 JLINK_CORESIGHT_ReadAPDPReg(AP reg 0x03)
T6044 000:453.086   Value=0x3254540B
T6044 000:453.095 - 0.239ms returns 0
T6044 000:453.102 JLINK_CORESIGHT_WriteAPDPReg(AP reg 0x00, 0x80000002)
T6044 000:453.279 - 0.177ms returns 0
T6044 000:453.288 JLINK_CORESIGHT_WriteAPDPReg(AP reg 0x01, 0x80011140)
T6044 000:453.470 - 0.182ms returns 0
T6044 000:453.479 JLINK_CORESIGHT_ReadAPDPReg(AP reg 0x03)
T6044 000:453.714   Value=0x00000000
T6044 000:453.724 - 0.245ms returns 0
T6044 000:453.731 JLINK_CORESIGHT_WriteAPDPReg(AP reg 0x00, 0x80000002)
T6044 000:453.911 - 0.180ms returns 0
T6044 000:453.919 JLINK_CORESIGHT_WriteAPDPReg(AP reg 0x01, 0x80011130)
T6044 000:454.238 - 0.318ms returns 0
T6044 000:454.247 JLINK_CORESIGHT_ReadAPDPReg(AP reg 0x03)
T6044 000:454.476   Value=0x546E9759
T6044 000:454.485 - 0.238ms returns 0
T6044 000:454.492 JLINK_CORESIGHT_WriteAPDPReg(AP reg 0x00, 0x80000002)
T6044 000:454.671 - 0.178ms returns 0
T6044 000:454.679 JLINK_CORESIGHT_WriteAPDPReg(AP reg 0x01, 0x80011140)
T6044 000:454.865 - 0.185ms returns 0
T6044 000:454.883 JLINK_CORESIGHT_ReadAPDPReg(AP reg 0x03)
T6044 000:455.122   Value=0x00000000
T6044 000:455.132 - 0.249ms returns 0
T6044 000:455.140 JLINK_CORESIGHT_WriteAPDPReg(AP reg 0x00, 0x80000002)
T6044 000:455.348 - 0.208ms returns 0
T6044 000:455.356 JLINK_CORESIGHT_WriteAPDPReg(AP reg 0x01, 0x80011130)
T6044 000:455.545 - 0.188ms returns 0
T6044 000:455.554 JLINK_CORESIGHT_ReadAPDPReg(AP reg 0x03)
T6044 000:455.794   Value=0x34325736
T6044 000:455.804 - 0.250ms returns 0
T6044 000:455.811 JLINK_CORESIGHT_WriteAPDPReg(AP reg 0x00, 0x80000002)
T6044 000:456.021 - 0.209ms returns 0
T6044 000:456.039 JLINK_CORESIGHT_WriteAPDPReg(AP reg 0x01, 0x80011140)
T6044 000:456.243 - 0.204ms returns 0
T6044 000:456.258 JLINK_CORESIGHT_ReadAPDPReg(AP reg 0x03)
T6044 000:456.508   Value=0x00000000
T6044 000:456.522 - 0.264ms returns 0
T6044 000:456.534 JLINK_CORESIGHT_WriteAPDPReg(AP reg 0x00, 0x80000002)
T6044 000:456.737 - 0.203ms returns 0
T6044 000:456.751 JLINK_CORESIGHT_WriteAPDPReg(AP reg 0x01, 0x80011130)
T6044 000:456.945 - 0.194ms returns 0
T6044 000:456.959 JLINK_CORESIGHT_ReadAPDPReg(AP reg 0x03)
T6044 000:457.249   Value=0x58082D30
T6044 000:457.266 - 0.307ms returns 0
T6044 000:457.278 JLINK_CORESIGHT_WriteAPDPReg(AP reg 0x00, 0x80000002)
T6044 000:457.482 - 0.204ms returns 0
T6044 000:457.497 JLINK_CORESIGHT_WriteAPDPReg(AP reg 0x01, 0x80011140)
T6044 000:459.217 - 1.720ms returns 0
T6044 000:459.232 JLINK_CORESIGHT_ReadAPDPReg(AP reg 0x03)
T6044 000:459.607   Value=0x00000000
T6044 000:459.637 - 0.404ms returns 0
T6044 000:459.656 JLINK_CORESIGHT_WriteAPDPReg(AP reg 0x00, 0x80000002)
T6044 000:459.924 - 0.268ms returns 0
T6044 000:459.953 JLINK_CORESIGHT_WriteAPDPReg(AP reg 0x01, 0x80011130)
T6044 000:460.164 - 0.211ms returns 0
T6044 000:460.190 JLINK_CORESIGHT_ReadAPDPReg(AP reg 0x03)
T6044 000:460.460   Value=0x4B375276
T6044 000:460.478 - 0.288ms returns 0
T6044 000:460.491 JLINK_CORESIGHT_WriteAPDPReg(AP reg 0x00, 0x80000002)
T6044 000:460.705 - 0.213ms returns 0
T6044 000:460.729 JLINK_CORESIGHT_WriteAPDPReg(AP reg 0x01, 0x80011140)
T6044 000:460.951 - 0.222ms returns 0
T6044 000:460.970 JLINK_CORESIGHT_ReadAPDPReg(AP reg 0x03)
T6044 000:461.239   Value=0x00000000
T6044 000:461.262 - 0.291ms returns 0
T6044 000:461.275 JLINK_CORESIGHT_WriteAPDPReg(AP reg 0x00, 0x80000002)
T6044 000:461.474 - 0.199ms returns 0
T6044 000:461.489 JLINK_CORESIGHT_WriteAPDPReg(AP reg 0x01, 0x80011130)
T6044 000:461.671 - 0.182ms returns 0
T6044 000:461.685 JLINK_CORESIGHT_ReadAPDPReg(AP reg 0x03)
T6044 000:461.915   Value=0x31503841
T6044 000:461.929 - 0.244ms returns 0
T6044 000:461.941 JLINK_CORESIGHT_WriteAPDPReg(AP reg 0x00, 0x80000002)
T6044 000:462.124 - 0.183ms returns 0
T6044 000:462.134 JLINK_CORESIGHT_WriteAPDPReg(AP reg 0x01, 0x80011140)
T6044 000:462.351 - 0.215ms returns 0
T6044 000:462.378 JLINK_CORESIGHT_ReadAPDPReg(AP reg 0x03)
T6044 000:462.624   Value=0x00000000
T6044 000:462.634 - 0.257ms returns 0
T6044 000:462.641 JLINK_CORESIGHT_WriteAPDPReg(AP reg 0x00, 0x80000002)
T6044 000:462.830 - 0.189ms returns 0
T6044 000:462.839 JLINK_CORESIGHT_WriteAPDPReg(AP reg 0x01, 0x80011130)
T6044 000:463.020 - 0.181ms returns 0
T6044 000:463.029 JLINK_CORESIGHT_ReadAPDPReg(AP reg 0x03)
T6044 000:463.261   Value=0x434C464B
T6044 000:463.270 - 0.241ms returns 0
T6044 000:463.277 JLINK_CORESIGHT_WriteAPDPReg(AP reg 0x00, 0x80000002)
T6044 000:463.457 - 0.180ms returns 0
T6044 000:463.469 JLINK_CORESIGHT_WriteAPDPReg(AP reg 0x01, 0x80011140)
T6044 000:463.650 - 0.181ms returns 0
T6044 000:463.660 JLINK_CORESIGHT_ReadAPDPReg(AP reg 0x03)
T6044 000:463.893   Value=0x00000000
T6044 000:463.904 - 0.244ms returns 0
T6044 000:463.918 JLINK_CORESIGHT_WriteAPDPReg(AP reg 0x00, 0x80000002)
T6044 000:464.098 - 0.180ms returns 0
T6044 000:464.106 JLINK_CORESIGHT_WriteAPDPReg(AP reg 0x01, 0x80011130)
T6044 000:464.275 - 0.168ms returns 0
T6044 000:464.284 JLINK_CORESIGHT_ReadAPDPReg(AP reg 0x03)
T6044 000:464.512   Value=0x20204341
T6044 000:464.522 - 0.238ms returns 0
T6044 000:464.529 JLINK_CORESIGHT_WriteAPDPReg(AP reg 0x00, 0x80000002)
T6044 000:464.711 - 0.181ms returns 0
T6044 000:464.719 JLINK_CORESIGHT_WriteAPDPReg(AP reg 0x01, 0x80011140)
T6044 000:464.899 - 0.179ms returns 0
T6044 000:464.907 JLINK_CORESIGHT_ReadAPDPReg(AP reg 0x03)
T6044 000:465.137   Value=0x00000000
T6044 000:465.145 - 0.238ms returns 0
T6044 000:465.152 JLINK_CORESIGHT_WriteAPDPReg(AP reg 0x00, 0x80000002)
T6044 000:465.358 - 0.205ms returns 0
T6044 000:465.366 JLINK_CORESIGHT_WriteAPDPReg(AP reg 0x01, 0x80011130)
T6044 000:465.557 - 0.190ms returns 0
T6044 000:465.584 JLINK_CORESIGHT_ReadAPDPReg(AP reg 0x03)
T6044 000:465.811   Value=0x00038A20
T6044 000:465.823 - 0.239ms returns 0
T6044 000:465.890 JLINK_CORESIGHT_WriteAPDPReg(AP reg 0x00, 0x80000002)
T6044 000:466.089 - 0.198ms returns 0
T6044 000:466.112 JLINK_CORESIGHT_WriteAPDPReg(AP reg 0x01, 0x80011140)
T6044 000:466.346 - 0.233ms returns 0
T6044 000:466.369 JLINK_CORESIGHT_ReadAPDPReg(AP reg 0x03)
T6044 000:466.631   Value=0x00000002
T6044 000:466.646 - 0.276ms returns 0
T6044 000:466.658 JLINK_CORESIGHT_WriteAPDPReg(AP reg 0x00, 0x80000002)
T6044 000:466.854 - 0.195ms returns 0
T6044 000:466.879 JLINK_CORESIGHT_WriteAPDPReg(AP reg 0x01, 0x80011120)
T6044 000:467.077 - 0.198ms returns 0
T6044 000:467.087 JLINK_CORESIGHT_WriteAPDPReg(AP reg 0x03, 0x39020001)
T6044 000:467.265 - 0.178ms returns 0
T6044 000:467.291 JLINK_CORESIGHT_WriteAPDPReg(AP reg 0x00, 0x80000002)
T6044 000:467.556 - 0.264ms returns 0
T6044 000:467.570 JLINK_CORESIGHT_WriteAPDPReg(AP reg 0x01, 0x80011140)
T6044 000:467.895 - 0.324ms returns 0
T6044 000:467.912 JLINK_CORESIGHT_ReadAPDPReg(AP reg 0x03)
T6044 000:468.239   Value=0x00000002
T6044 000:468.253 - 0.341ms returns 0
T6044 000:468.262 JLINK_CORESIGHT_WriteAPDPReg(AP reg 0x00, 0x80000002)
T6044 000:468.458 - 0.196ms returns 0
T6044 000:468.471 JLINK_CORESIGHT_WriteAPDPReg(AP reg 0x01, 0x80011120)
T6044 000:468.651 - 0.180ms returns 0
T6044 000:468.660 JLINK_CORESIGHT_WriteAPDPReg(AP reg 0x03, 0x0003B312)
T6044 000:468.840 - 0.180ms returns 0
T6044 000:468.856 JLINK_CORESIGHT_WriteAPDPReg(AP reg 0x00, 0x80000002)
T6044 000:469.056 - 0.199ms returns 0
T6044 000:469.069 JLINK_CORESIGHT_WriteAPDPReg(AP reg 0x01, 0x80011140)
T6044 000:469.250 - 0.181ms returns 0
T6044 000:469.276 JLINK_CORESIGHT_ReadAPDPReg(AP reg 0x03)
T6044 000:469.517   Value=0x00000000
T6044 000:469.541 - 0.265ms returns 0
T6044 000:469.555 JLINK_CORESIGHT_WriteAPDPReg(AP reg 0x00, 0x80000002)
T6044 000:469.759 - 0.204ms returns 0
T6044 000:469.774 JLINK_CORESIGHT_WriteAPDPReg(AP reg 0x01, 0x80011130)
T6044 000:469.976 - 0.202ms returns 0
T6044 000:469.990 JLINK_CORESIGHT_ReadAPDPReg(AP reg 0x03)
T6044 000:470.242   Value=0xB90A0081
T6044 000:470.265 - 0.275ms returns 0
T6044 000:470.283 JLINK_CORESIGHT_WriteAPDPReg(AP reg 0x00, 0x80000002)
T6044 000:470.494 - 0.211ms returns 0
T6044 000:470.519 JLINK_CORESIGHT_WriteAPDPReg(AP reg 0x01, 0x80011140)
T6044 000:470.726 - 0.206ms returns 0
T6044 000:470.746 JLINK_CORESIGHT_ReadAPDPReg(AP reg 0x03)
T6044 000:471.007   Value=0x00000000
T6044 000:471.020 - 0.275ms returns 0
T6044 000:471.033 JLINK_CORESIGHT_WriteAPDPReg(AP reg 0x00, 0x80000002)
T6044 000:471.236 - 0.204ms returns 0
T6044 000:471.249 JLINK_CORESIGHT_WriteAPDPReg(AP reg 0x01, 0x80011130)
T6044 000:471.446 - 0.196ms returns 0
T6044 000:471.472 JLINK_CORESIGHT_ReadAPDPReg(AP reg 0x03)
T6044 000:471.729   Value=0xFFFFFFC0
T6044 000:471.739 - 0.267ms returns 0
T6044 000:471.751 JLINK_CORESIGHT_WriteAPDPReg(AP reg 0x00, 0x80000002)
T6044 000:471.939 - 0.188ms returns 0
T6044 000:471.953 JLINK_CORESIGHT_WriteAPDPReg(AP reg 0x01, 0x80011140)
T6044 000:472.150 - 0.197ms returns 0
T6044 000:472.162 JLINK_CORESIGHT_ReadAPDPReg(AP reg 0x03)
T6044 000:472.395   Value=0x00000000
T6044 000:472.403 - 0.241ms returns 0
T6044 000:472.414 JLINK_CORESIGHT_WriteAPDPReg(AP reg 0x00, 0x80000002)
T6044 000:472.597 - 0.183ms returns 0
T6044 000:472.619 JLINK_CORESIGHT_WriteAPDPReg(AP reg 0x01, 0x80011130)
T6044 000:472.824 - 0.204ms returns 0
T6044 000:472.856 JLINK_CORESIGHT_ReadAPDPReg(AP reg 0x03)
T6044 000:473.119   Value=0xFFFFFFFF
T6044 000:473.134 - 0.278ms returns 0
T6044 000:473.151 JLINK_CORESIGHT_WriteAPDPReg(AP reg 0x00, 0x80000002)
T6044 000:473.371 - 0.220ms returns 0
T6044 000:473.390 JLINK_CORESIGHT_WriteAPDPReg(AP reg 0x01, 0x80011140)
T6044 000:473.583 - 0.193ms returns 0
T6044 000:473.602 JLINK_CORESIGHT_ReadAPDPReg(AP reg 0x03)
T6044 000:473.833   Value=0x00000000
T6044 000:473.847 - 0.245ms returns 0
T6044 000:473.863 JLINK_CORESIGHT_WriteAPDPReg(AP reg 0x00, 0x80000002)
T6044 000:474.059 - 0.196ms returns 0
T6044 000:474.077 JLINK_CORESIGHT_WriteAPDPReg(AP reg 0x01, 0x80011130)
T6044 000:474.265 - 0.188ms returns 0
T6044 000:474.282 JLINK_CORESIGHT_ReadAPDPReg(AP reg 0x03)
T6044 000:474.513   Value=0x000385FF
T6044 000:474.528 - 0.246ms returns 0
T6044 000:475.078 JLINK_CORESIGHT_WriteAPDPReg(AP reg 0x00, 0x80000002)
T6044 000:475.286 - 0.208ms returns 0
T6044 000:475.302 JLINK_CORESIGHT_WriteAPDPReg(AP reg 0x01, 0x80011140)
T6044 000:475.488 - 0.186ms returns 0
T6044 000:475.497 JLINK_CORESIGHT_ReadAPDPReg(AP reg 0x03)
T6044 000:475.728   Value=0x00000002
T6044 000:475.738 - 0.241ms returns 0
T6044 000:475.746 JLINK_CORESIGHT_WriteAPDPReg(AP reg 0x00, 0x80000002)
T6044 000:475.929 - 0.183ms returns 0
T6044 000:475.938 JLINK_CORESIGHT_WriteAPDPReg(AP reg 0x01, 0x80011120)
T6044 000:476.231 - 0.292ms returns 0
T6044 000:476.250 JLINK_CORESIGHT_WriteAPDPReg(AP reg 0x03, 0x2C010001)
T6044 000:476.474 - 0.224ms returns 0
T6044 000:476.491 JLINK_CORESIGHT_WriteAPDPReg(AP reg 0x00, 0x80000002)
T6044 000:476.697 - 0.206ms returns 0
T6044 000:476.713 JLINK_CORESIGHT_WriteAPDPReg(AP reg 0x01, 0x80011140)
T6044 000:476.896 - 0.183ms returns 0
T6044 000:476.911 JLINK_CORESIGHT_ReadAPDPReg(AP reg 0x03)
T6044 000:477.154   Value=0x00000002
T6044 000:477.163 - 0.251ms returns 0
T6044 000:477.170 JLINK_CORESIGHT_WriteAPDPReg(AP reg 0x00, 0x80000002)
T6044 000:477.352 - 0.182ms returns 0
T6044 000:477.361 JLINK_CORESIGHT_WriteAPDPReg(AP reg 0x01, 0x80011120)
T6044 000:477.542 - 0.181ms returns 0
T6044 000:477.551 JLINK_CORESIGHT_WriteAPDPReg(AP reg 0x03, 0x000003D3)
T6044 000:477.731 - 0.180ms returns 0
T6044 000:477.739 JLINK_CORESIGHT_WriteAPDPReg(AP reg 0x00, 0x80000002)
T6044 000:477.920 - 0.180ms returns 0
T6044 000:477.928 JLINK_CORESIGHT_WriteAPDPReg(AP reg 0x01, 0x80011140)
T6044 000:478.107 - 0.179ms returns 0
T6044 000:478.116 JLINK_CORESIGHT_ReadAPDPReg(AP reg 0x03)
T6044 000:478.459   Value=0x00000002
T6044 000:478.469 - 0.353ms returns 0
T6044 000:478.476 JLINK_CORESIGHT_ReadAPDPReg(AP reg 0x03)
T6044 000:478.710   Value=0x00000002
T6044 000:478.719 - 0.242ms returns 0
T6044 000:478.726 JLINK_CORESIGHT_ReadAPDPReg(AP reg 0x03)
T6044 000:478.947   Value=0x00000002
T6044 000:478.955 - 0.230ms returns 0
T6044 000:478.962 JLINK_CORESIGHT_ReadAPDPReg(AP reg 0x03)
T6044 000:479.233   Value=0x00000002
T6044 000:479.242 - 0.279ms returns 0
T6044 000:479.249 JLINK_CORESIGHT_ReadAPDPReg(AP reg 0x03)
T6044 000:479.467   Value=0x00000002
T6044 000:479.476 - 0.227ms returns 0
T6044 000:479.483 JLINK_CORESIGHT_ReadAPDPReg(AP reg 0x03)
T6044 000:479.701   Value=0x00000002
T6044 000:479.716 - 0.233ms returns 0
T6044 000:479.724 JLINK_CORESIGHT_ReadAPDPReg(AP reg 0x03)
T6044 000:479.939   Value=0x00000002
T6044 000:479.950 - 0.225ms returns 0
T6044 000:479.957 JLINK_CORESIGHT_ReadAPDPReg(AP reg 0x03)
T6044 000:480.235   Value=0x00000002
T6044 000:480.245 - 0.287ms returns 0
T6044 000:480.253 JLINK_CORESIGHT_ReadAPDPReg(AP reg 0x03)
T6044 000:480.483   Value=0x00000002
T6044 000:480.494 - 0.241ms returns 0
T6044 000:480.502 JLINK_CORESIGHT_ReadAPDPReg(AP reg 0x03)
T6044 000:480.718   Value=0x00000002
T6044 000:480.727 - 0.225ms returns 0
T6044 000:480.734 JLINK_CORESIGHT_ReadAPDPReg(AP reg 0x03)
T6044 000:480.973   Value=0x00000002
T6044 000:480.986 - 0.252ms returns 0
T6044 000:480.996 JLINK_CORESIGHT_ReadAPDPReg(AP reg 0x03)
T6044 000:481.240   Value=0x00000000
T6044 000:481.252 - 0.256ms returns 0
T6044 000:481.260 JLINK_CORESIGHT_WriteAPDPReg(AP reg 0x00, 0x80000002)
T6044 000:481.444 - 0.184ms returns 0
T6044 000:481.453 JLINK_CORESIGHT_WriteAPDPReg(AP reg 0x01, 0x80011130)
T6044 000:481.647 - 0.194ms returns 0
T6044 000:481.655 JLINK_CORESIGHT_ReadAPDPReg(AP reg 0x03)
T6044 000:481.885   Value=0x2C020081
T6044 000:481.893 - 0.238ms returns 0
T6044 000:481.900 JLINK_CORESIGHT_WriteAPDPReg(AP reg 0x00, 0x80000002)
T6044 000:482.083 - 0.182ms returns 0
T6044 000:482.097 JLINK_CORESIGHT_WriteAPDPReg(AP reg 0x01, 0x80011140)
T6044 000:482.275 - 0.177ms returns 0
T6044 000:482.290 JLINK_CORESIGHT_ReadAPDPReg(AP reg 0x03)
T6044 000:482.517   Value=0x00000000
T6044 000:482.527 - 0.236ms returns 0
T6044 000:482.534 JLINK_CORESIGHT_WriteAPDPReg(AP reg 0x00, 0x80000002)
T6044 000:482.718 - 0.183ms returns 0
T6044 000:482.727 JLINK_CORESIGHT_WriteAPDPReg(AP reg 0x01, 0x80011130)
T6044 000:482.906 - 0.179ms returns 0
T6044 000:482.915 JLINK_CORESIGHT_ReadAPDPReg(AP reg 0x03)
T6044 000:483.146   Value=0x0003CE04
T6044 000:483.155 - 0.240ms returns 0
T6044 000:483.167 JLINK_CORESIGHT_WriteAPDPReg(AP reg 0x00, 0x80000002)
T6044 000:483.348 - 0.181ms returns 0
T6044 000:483.364 JLINK_CORESIGHT_WriteAPDPReg(AP reg 0x01, 0x80011140)
T6044 000:483.545 - 0.181ms returns 0
T6044 000:483.554 JLINK_CORESIGHT_ReadAPDPReg(AP reg 0x03)
T6044 000:483.781   Value=0x00000002
T6044 000:483.796 - 0.241ms returns 0
T6044 000:483.808 JLINK_CORESIGHT_WriteAPDPReg(AP reg 0x00, 0x80000002)
T6044 000:484.001 - 0.193ms returns 0
T6044 000:484.014 JLINK_CORESIGHT_WriteAPDPReg(AP reg 0x01, 0x80011120)
T6044 000:484.247 - 0.232ms returns 0
T6044 000:484.264 JLINK_CORESIGHT_WriteAPDPReg(AP reg 0x03, 0x73010001)
T6044 000:484.581 - 0.317ms returns 0
T6044 000:484.606 JLINK_CORESIGHT_WriteAPDPReg(AP reg 0x00, 0x80000002)
T6044 000:484.828 - 0.222ms returns 0
T6044 000:484.849 JLINK_CORESIGHT_WriteAPDPReg(AP reg 0x01, 0x80011140)
T6044 000:485.053 - 0.204ms returns 0
T6044 000:485.067 JLINK_CORESIGHT_ReadAPDPReg(AP reg 0x03)
T6044 000:485.311   Value=0x00000002
T6044 000:485.327 - 0.259ms returns 0
T6044 000:485.335 JLINK_CORESIGHT_WriteAPDPReg(AP reg 0x00, 0x80000002)
T6044 000:485.536 - 0.200ms returns 0
T6044 000:485.545 JLINK_CORESIGHT_WriteAPDPReg(AP reg 0x01, 0x80011120)
T6044 000:485.730 - 0.185ms returns 0
T6044 000:485.755 JLINK_CORESIGHT_WriteAPDPReg(AP reg 0x03, 0x0000038C)
T6044 000:485.965 - 0.210ms returns 0
T6044 000:485.982 JLINK_CORESIGHT_WriteAPDPReg(AP reg 0x00, 0x80000002)
T6044 000:486.239 - 0.257ms returns 0
T6044 000:486.247 JLINK_CORESIGHT_WriteAPDPReg(AP reg 0x01, 0x80011140)
T6044 000:486.429 - 0.181ms returns 0
T6044 000:486.437 JLINK_CORESIGHT_ReadAPDPReg(AP reg 0x03)
T6044 000:486.666   Value=0x00000002
T6044 000:486.675 - 0.238ms returns 0
T6044 000:486.682 JLINK_CORESIGHT_ReadAPDPReg(AP reg 0x03)
T6044 000:486.912   Value=0x00000002
T6044 000:486.932 - 0.249ms returns 0
T6044 000:486.945 JLINK_CORESIGHT_ReadAPDPReg(AP reg 0x03)
T6044 000:487.236   Value=0x00000002
T6044 000:487.246 - 0.301ms returns 0
T6044 000:487.253 JLINK_CORESIGHT_ReadAPDPReg(AP reg 0x03)
T6044 000:487.484   Value=0x00000002
T6044 000:487.493 - 0.240ms returns 0
T6044 000:487.500 JLINK_CORESIGHT_ReadAPDPReg(AP reg 0x03)
T6044 000:487.723   Value=0x00000002
T6044 000:487.732 - 0.231ms returns 0
T6044 000:487.739 JLINK_CORESIGHT_ReadAPDPReg(AP reg 0x03)
T6044 000:487.962   Value=0x00000002
T6044 000:487.970 - 0.232ms returns 0
T6044 000:487.977 JLINK_CORESIGHT_ReadAPDPReg(AP reg 0x03)
T6044 000:488.261   Value=0x00000002
T6044 000:488.283 - 0.305ms returns 0
T6044 000:488.299 JLINK_CORESIGHT_ReadAPDPReg(AP reg 0x03)
T6044 000:488.542   Value=0x00000002
T6044 000:488.553 - 0.254ms returns 0
T6044 000:488.561 JLINK_CORESIGHT_ReadAPDPReg(AP reg 0x03)
T6044 000:488.786   Value=0x00000002
T6044 000:488.794 - 0.234ms returns 0
T6044 000:488.801 JLINK_CORESIGHT_ReadAPDPReg(AP reg 0x03)
T6044 000:489.025   Value=0x00000002
T6044 000:489.034 - 0.232ms returns 0
T6044 000:489.041 JLINK_CORESIGHT_ReadAPDPReg(AP reg 0x03)
T6044 000:489.261   Value=0x00000002
T6044 000:489.270 - 0.229ms returns 0
T6044 000:489.277 JLINK_CORESIGHT_ReadAPDPReg(AP reg 0x03)
T6044 000:489.516   Value=0x00000002
T6044 000:489.536 - 0.259ms returns 0
T6044 000:489.549 JLINK_CORESIGHT_ReadAPDPReg(AP reg 0x03)
T6044 000:489.787   Value=0x00000002
T6044 000:489.797 - 0.249ms returns 0
T6044 000:489.805 JLINK_CORESIGHT_ReadAPDPReg(AP reg 0x03)
T6044 000:490.023   Value=0x00000002
T6044 000:490.032 - 0.227ms returns 0
T6044 000:490.039 JLINK_CORESIGHT_ReadAPDPReg(AP reg 0x03)
T6044 000:490.266   Value=0x00000002
T6044 000:490.288 - 0.248ms returns 0
T6044 000:490.301 JLINK_CORESIGHT_ReadAPDPReg(AP reg 0x03)
T6044 000:490.536   Value=0x00000000
T6044 000:490.546 - 0.245ms returns 0
T6044 000:490.554 JLINK_CORESIGHT_WriteAPDPReg(AP reg 0x00, 0x80000002)
T6044 000:490.734 - 0.179ms returns 0
T6044 000:490.749 JLINK_CORESIGHT_WriteAPDPReg(AP reg 0x01, 0x80011130)
T6044 000:490.931 - 0.182ms returns 0
T6044 000:490.945 JLINK_CORESIGHT_ReadAPDPReg(AP reg 0x03)
T6044 000:491.234   Value=0x73020081
T6044 000:491.247 - 0.302ms returns 0
T6044 000:491.255 JLINK_CORESIGHT_WriteAPDPReg(AP reg 0x00, 0x80000002)
T6044 000:491.441 - 0.186ms returns 0
T6044 000:491.456 JLINK_CORESIGHT_WriteAPDPReg(AP reg 0x01, 0x80011140)
T6044 000:491.640 - 0.184ms returns 0
T6044 000:491.654 JLINK_CORESIGHT_ReadAPDPReg(AP reg 0x03)
T6044 000:491.887   Value=0x00000000
T6044 000:491.901 - 0.246ms returns 0
T6044 000:491.913 JLINK_CORESIGHT_WriteAPDPReg(AP reg 0x00, 0x80000002)
T6044 000:492.113 - 0.200ms returns 0
T6044 000:492.126 JLINK_CORESIGHT_WriteAPDPReg(AP reg 0x01, 0x80011130)
T6044 000:492.346 - 0.220ms returns 0
T6044 000:492.358 JLINK_CORESIGHT_ReadAPDPReg(AP reg 0x03)
T6044 000:492.606   Value=0x00038902
T6044 000:492.628 - 0.270ms returns 0
T6044 000:492.643 JLINK_CORESIGHT_WriteAPDPReg(AP reg 0x00, 0x80000002)
T6044 000:492.884 - 0.241ms returns 0
T6044 000:492.898 JLINK_CORESIGHT_WriteAPDPReg(AP reg 0x01, 0x80011140)
T6044 000:493.102 - 0.203ms returns 0
T6044 000:493.127 JLINK_CORESIGHT_ReadAPDPReg(AP reg 0x03)
T6044 000:493.393   Value=0x00000002
T6044 000:493.409 - 0.282ms returns 0
T6044 000:493.420 JLINK_CORESIGHT_WriteAPDPReg(AP reg 0x00, 0x80000002)
T6044 000:493.612 - 0.192ms returns 0
T6044 000:493.622 JLINK_CORESIGHT_WriteAPDPReg(AP reg 0x01, 0x80011120)
T6044 000:493.840 - 0.218ms returns 0
T6044 000:493.848 JLINK_CORESIGHT_WriteAPDPReg(AP reg 0x03, 0x75010001)
T6044 000:494.039 - 0.190ms returns 0
T6044 000:494.061 JLINK_CORESIGHT_WriteAPDPReg(AP reg 0x00, 0x80000002)
T6044 000:494.264 - 0.203ms returns 0
T6044 000:494.274 JLINK_CORESIGHT_WriteAPDPReg(AP reg 0x01, 0x80011140)
T6044 000:494.456 - 0.182ms returns 0
T6044 000:494.464 JLINK_CORESIGHT_ReadAPDPReg(AP reg 0x03)
T6044 000:494.697   Value=0x00000002
T6044 000:494.705 - 0.241ms returns 0
T6044 000:494.713 JLINK_CORESIGHT_WriteAPDPReg(AP reg 0x00, 0x80000002)
T6044 000:494.884 - 0.171ms returns 0
T6044 000:494.892 JLINK_CORESIGHT_WriteAPDPReg(AP reg 0x01, 0x80011120)
T6044 000:495.066 - 0.173ms returns 0
T6044 000:495.074 JLINK_CORESIGHT_WriteAPDPReg(AP reg 0x03, 0x0000038A)
T6044 000:495.253 - 0.178ms returns 0
T6044 000:495.264 JLINK_CORESIGHT_WriteAPDPReg(AP reg 0x00, 0x80000002)
T6044 000:495.444 - 0.179ms returns 0
T6044 000:495.453 JLINK_CORESIGHT_WriteAPDPReg(AP reg 0x01, 0x80011140)
T6044 000:495.627 - 0.174ms returns 0
T6044 000:495.636 JLINK_CORESIGHT_ReadAPDPReg(AP reg 0x03)
T6044 000:495.904   Value=0x00000002
T6044 000:495.915 - 0.279ms returns 0
T6044 000:495.922 JLINK_CORESIGHT_ReadAPDPReg(AP reg 0x03)
T6044 000:496.160   Value=0x00000002
T6044 000:496.175 - 0.253ms returns 0
T6044 000:496.186 JLINK_CORESIGHT_ReadAPDPReg(AP reg 0x03)
T6044 000:496.440   Value=0x00000002
T6044 000:496.462 - 0.275ms returns 0
T6044 000:496.475 JLINK_CORESIGHT_ReadAPDPReg(AP reg 0x03)
T6044 000:496.732   Value=0x00000002
T6044 000:496.747 - 0.272ms returns 0
T6044 000:496.759 JLINK_CORESIGHT_ReadAPDPReg(AP reg 0x03)
T6044 000:497.004   Value=0x00000000
T6044 000:497.014 - 0.255ms returns 0
T6044 000:497.021 JLINK_CORESIGHT_WriteAPDPReg(AP reg 0x00, 0x80000002)
T6044 000:497.250 - 0.228ms returns 0
T6044 000:497.259 JLINK_CORESIGHT_WriteAPDPReg(AP reg 0x01, 0x80011130)
T6044 000:497.457 - 0.198ms returns 0
T6044 000:497.479 JLINK_CORESIGHT_ReadAPDPReg(AP reg 0x03)
T6044 000:497.730   Value=0x75020081
T6044 000:497.745 - 0.266ms returns 0
T6044 000:497.757 JLINK_CORESIGHT_WriteAPDPReg(AP reg 0x00, 0x80000002)
T6044 000:497.991 - 0.235ms returns 0
T6044 000:498.005 JLINK_CORESIGHT_WriteAPDPReg(AP reg 0x01, 0x80011140)
T6044 000:498.241 - 0.236ms returns 0
T6044 000:498.255 JLINK_CORESIGHT_ReadAPDPReg(AP reg 0x03)
T6044 000:498.512   Value=0x00000000
T6044 000:498.535 - 0.280ms returns 0
T6044 000:498.549 JLINK_CORESIGHT_WriteAPDPReg(AP reg 0x00, 0x80000002)
T6044 000:498.760 - 0.211ms returns 0
T6044 000:498.774 JLINK_CORESIGHT_WriteAPDPReg(AP reg 0x01, 0x80011130)
T6044 000:498.971 - 0.197ms returns 0
T6044 000:498.985 JLINK_CORESIGHT_ReadAPDPReg(AP reg 0x03)
T6044 000:499.240   Value=0x00038702
T6044 000:499.254 - 0.269ms returns 0
T6044 000:499.273 JLINK_CORESIGHT_WriteAPDPReg(AP reg 0x00, 0x80000002)
T6044 000:499.473 - 0.200ms returns 0
T6044 000:499.481 JLINK_CORESIGHT_WriteAPDPReg(AP reg 0x01, 0x80011140)
T6044 000:499.668 - 0.186ms returns 0
T6044 000:499.687 JLINK_CORESIGHT_ReadAPDPReg(AP reg 0x03)
T6044 000:499.928   Value=0x00000002
T6044 000:499.940 - 0.253ms returns 0
T6044 000:499.948 JLINK_CORESIGHT_WriteAPDPReg(AP reg 0x00, 0x80000002)
T6044 000:500.135 - 0.187ms returns 0
T6044 000:500.144 JLINK_CORESIGHT_WriteAPDPReg(AP reg 0x01, 0x80011120)
T6044 000:500.344 - 0.200ms returns 0
T6044 000:500.353 JLINK_CORESIGHT_WriteAPDPReg(AP reg 0x03, 0x4F010001)
T6044 000:500.545 - 0.192ms returns 0
T6044 000:500.553 JLINK_CORESIGHT_WriteAPDPReg(AP reg 0x00, 0x80000002)
T6044 000:500.734 - 0.181ms returns 0
T6044 000:500.743 JLINK_CORESIGHT_WriteAPDPReg(AP reg 0x01, 0x80011140)
T6044 000:500.929 - 0.185ms returns 0
T6044 000:500.957 JLINK_CORESIGHT_ReadAPDPReg(AP reg 0x03)
T6044 000:501.249   Value=0x00000002
T6044 000:501.262 - 0.305ms returns 0
T6044 000:501.800 JLINK_CORESIGHT_WriteAPDPReg(AP reg 0x00, 0x80000002)
T6044 000:502.018 - 0.218ms returns 0
T6044 000:502.033 JLINK_CORESIGHT_WriteAPDPReg(AP reg 0x01, 0x80011120)
T6044 000:502.235 - 0.202ms returns 0
T6044 000:502.247 JLINK_CORESIGHT_WriteAPDPReg(AP reg 0x03, 0x000003B0)
T6044 000:502.428 - 0.181ms returns 0
T6044 000:502.440 JLINK_CORESIGHT_WriteAPDPReg(AP reg 0x00, 0x80000002)
T6044 000:502.638 - 0.198ms returns 0
T6044 000:502.650 JLINK_CORESIGHT_WriteAPDPReg(AP reg 0x01, 0x80011140)
T6044 000:502.837 - 0.186ms returns 0
T6044 000:502.849 JLINK_CORESIGHT_ReadAPDPReg(AP reg 0x03)
T6044 000:503.084   Value=0x00000002
T6044 000:503.094 - 0.244ms returns 0
T6044 000:503.102 JLINK_CORESIGHT_ReadAPDPReg(AP reg 0x03)
T6044 000:503.317   Value=0x00000002
T6044 000:503.327 - 0.224ms returns 0
T6044 000:503.334 JLINK_CORESIGHT_ReadAPDPReg(AP reg 0x03)
T6044 000:503.549   Value=0x00000002
T6044 000:503.564 - 0.230ms returns 0
T6044 000:503.573 JLINK_CORESIGHT_ReadAPDPReg(AP reg 0x03)
T6044 000:503.794   Value=0x00000002
T6044 000:503.806 - 0.233ms returns 0
T6044 000:503.814 JLINK_CORESIGHT_ReadAPDPReg(AP reg 0x03)
T6044 000:504.037   Value=0x00000002
T6044 000:504.046 - 0.232ms returns 0
T6044 000:504.053 JLINK_CORESIGHT_ReadAPDPReg(AP reg 0x03)
T6044 000:504.273   Value=0x00000000
T6044 000:504.322 - 0.268ms returns 0
T6044 000:504.335 JLINK_CORESIGHT_WriteAPDPReg(AP reg 0x00, 0x80000002)
T6044 000:504.534 - 0.199ms returns 0
T6044 000:504.548 JLINK_CORESIGHT_WriteAPDPReg(AP reg 0x01, 0x80011130)
T6044 000:504.736 - 0.187ms returns 0
T6044 000:504.749 JLINK_CORESIGHT_ReadAPDPReg(AP reg 0x03)
T6044 000:505.009   Value=0x4F0B0081
T6044 000:505.033 - 0.284ms returns 0
T6044 000:505.047 JLINK_CORESIGHT_WriteAPDPReg(AP reg 0x00, 0x80000002)
T6044 000:505.239 - 0.192ms returns 0
T6044 000:505.253 JLINK_CORESIGHT_WriteAPDPReg(AP reg 0x01, 0x80011140)
T6044 000:505.484 - 0.231ms returns 0
T6044 000:505.499 JLINK_CORESIGHT_ReadAPDPReg(AP reg 0x03)
T6044 000:505.736   Value=0x00000000
T6044 000:505.750 - 0.251ms returns 0
T6044 000:505.762 JLINK_CORESIGHT_WriteAPDPReg(AP reg 0x00, 0x80000002)
T6044 000:505.952 - 0.190ms returns 0
T6044 000:505.965 JLINK_CORESIGHT_WriteAPDPReg(AP reg 0x01, 0x80011130)
T6044 000:506.240 - 0.274ms returns 0
T6044 000:506.257 JLINK_CORESIGHT_ReadAPDPReg(AP reg 0x03)
T6044 000:506.492   Value=0x20000000
T6044 000:506.506 - 0.248ms returns 0
T6044 000:506.518 JLINK_CORESIGHT_WriteAPDPReg(AP reg 0x00, 0x80000002)
T6044 000:506.715 - 0.197ms returns 0
T6044 000:506.723 JLINK_CORESIGHT_WriteAPDPReg(AP reg 0x01, 0x80011140)
T6044 000:506.904 - 0.180ms returns 0
T6044 000:506.913 JLINK_CORESIGHT_ReadAPDPReg(AP reg 0x03)
T6044 000:507.143   Value=0x00000000
T6044 000:507.155 - 0.241ms returns 0
T6044 000:507.163 JLINK_CORESIGHT_WriteAPDPReg(AP reg 0x00, 0x80000002)
T6044 000:507.345 - 0.182ms returns 0
T6044 000:507.355 JLINK_CORESIGHT_WriteAPDPReg(AP reg 0x01, 0x80011130)
T6044 000:507.535 - 0.180ms returns 0
T6044 000:507.543 JLINK_CORESIGHT_ReadAPDPReg(AP reg 0x03)
T6044 000:507.765   Value=0x00000000
T6044 000:507.774 - 0.231ms returns 0
T6044 000:507.781 JLINK_CORESIGHT_WriteAPDPReg(AP reg 0x00, 0x80000002)
T6044 000:507.960 - 0.178ms returns 0
T6044 000:507.968 JLINK_CORESIGHT_WriteAPDPReg(AP reg 0x01, 0x80011140)
T6044 000:508.146 - 0.177ms returns 0
T6044 000:508.155 JLINK_CORESIGHT_ReadAPDPReg(AP reg 0x03)
T6044 000:508.389   Value=0x00000000
T6044 000:508.402 - 0.247ms returns 0
T6044 000:508.410 JLINK_CORESIGHT_WriteAPDPReg(AP reg 0x00, 0x80000002)
T6044 000:508.587 - 0.177ms returns 0
T6044 000:508.596 JLINK_CORESIGHT_WriteAPDPReg(AP reg 0x01, 0x80011130)
T6044 000:508.775 - 0.178ms returns 0
T6044 000:508.784 JLINK_CORESIGHT_ReadAPDPReg(AP reg 0x03)
T6044 000:509.012   Value=0x03860000
T6044 000:509.025 - 0.241ms returns 0
T6044 000:509.125 JLINK_CORESIGHT_ReadAPDPReg(DP reg 0x01)
T6044 000:509.342   Value=0xF0000F40
T6044 000:509.355 - 0.230ms returns 0
T6044 000:509.363 JLINK_CORESIGHT_WriteAPDPReg(DP reg 0x01, 0xA0000F40)
T6044 000:509.558 - 0.194ms returns 0
T6044 000:509.583 JLINK_CORESIGHT_ReadAPDPReg(DP reg 0x01)
T6044 000:509.783   Value=0x00000F40
T6044 000:509.799 - 0.216ms returns 0
T6044 000:509.811 JLINK_ClrRESET()
T6044 000:510.002 - 0.190ms 
T6044 000:619.254 JLINK_Close()
T6044 000:628.606 - 9.351ms
T6044 000:628.639   
T6044 000:628.648   Closed
